[2016-04-25 19:16:40] local.ERROR: exception 'Symfony\Component\Debug\Exception\FatalErrorException' with message 'Class 'Form' not found' in /home3/enguemka/laravel/storage/framework/views/6827fdd10ae2da795a69dde924636a57:86
Stack trace:
#0 {main}  
[2016-04-25 19:16:47] local.ERROR: exception 'Symfony\Component\Debug\Exception\FatalErrorException' with message 'Class 'Form' not found' in /home3/enguemka/laravel/storage/framework/views/6827fdd10ae2da795a69dde924636a57:86
Stack trace:
#0 {main}  
[2016-04-25 19:18:51] local.ERROR: exception 'Symfony\Component\Debug\Exception\FatalErrorException' with message 'Class 'Form' not found' in /home3/enguemka/laravel/storage/framework/views/6827fdd10ae2da795a69dde924636a57:86
Stack trace:
#0 {main}  
[2016-04-25 19:20:44] local.ERROR: exception 'ErrorException' with message 'Class 'Collective\Html\FormFacade' not found' in /home3/enguemka/laravel/vendor/laravel/framework/src/Illuminate/Foundation/AliasLoader.php:63
Stack trace:
#0 [internal function]: Illuminate\Foundation\Bootstrap\HandleExceptions->handleError(2, 'Class 'Collecti...', '/home3/enguemka...', 63, Array)
#1 /home3/enguemka/laravel/vendor/laravel/framework/src/Illuminate/Foundation/AliasLoader.php(63): class_alias('Collective\\Html...', 'Form')
#2 [internal function]: Illuminate\Foundation\AliasLoader->load('Form')
#3 /home3/enguemka/laravel/storage/framework/views/6827fdd10ae2da795a69dde924636a57(86): spl_autoload_call('Form')
#4 /home3/enguemka/laravel/vendor/laravel/framework/src/Illuminate/View/Engines/PhpEngine.php(39): include('/home3/enguemka...')
#5 /home3/enguemka/laravel/vendor/laravel/framework/src/Illuminate/View/Engines/CompilerEngine.php(57): Illuminate\View\Engines\PhpEngine->evaluatePath('/home3/enguemka...', Array)
#6 /home3/enguemka/laravel/vendor/laravel/framework/src/Illuminate/View/View.php(142): Illuminate\View\Engines\CompilerEngine->get('/home3/enguemka...', Array)
#7 /home3/enguemka/laravel/vendor/laravel/framework/src/Illuminate/View/View.php(111): Illuminate\View\View->getContents()
#8 /home3/enguemka/laravel/vendor/laravel/framework/src/Illuminate/View/View.php(80): Illuminate\View\View->renderContents()
#9 /home3/enguemka/laravel/vendor/laravel/framework/src/Illuminate/Http/Response.php(44): Illuminate\View\View->render()
#10 /home3/enguemka/laravel/vendor/symfony/http-foundation/Symfony/Component/HttpFoundation/Response.php(202): Illuminate\Http\Response->setContent(Object(Illuminate\View\View))
#11 /home3/enguemka/laravel/vendor/laravel/framework/src/Illuminate/Routing/Router.php(1198): Symfony\Component\HttpFoundation\Response->__construct(Object(Illuminate\View\View))
#12 /home3/enguemka/laravel/vendor/laravel/framework/src/Illuminate/Routing/Router.php(702): Illuminate\Routing\Router->prepareResponse(Object(Illuminate\Http\Request), Object(Illuminate\View\View))
#13 [internal function]: Illuminate\Routing\Router->Illuminate\Routing\{closure}(Object(Illuminate\Http\Request))
#14 /home3/enguemka/laravel/vendor/laravel/framework/src/Illuminate/Pipeline/Pipeline.php(141): call_user_func(Object(Closure), Object(Illuminate\Http\Request))
#15 [internal function]: Illuminate\Pipeline\Pipeline->Illuminate\Pipeline\{closure}(Object(Illuminate\Http\Request))
#16 /home3/enguemka/laravel/vendor/laravel/framework/src/Illuminate/Pipeline/Pipeline.php(101): call_user_func(Object(Closure), Object(Illuminate\Http\Request))
#17 /home3/enguemka/laravel/vendor/laravel/framework/src/Illuminate/Routing/Router.php(703): Illuminate\Pipeline\Pipeline->then(Object(Closure))
#18 /home3/enguemka/laravel/vendor/laravel/framework/src/Illuminate/Routing/Router.php(670): Illuminate\Routing\Router->runRouteWithinStack(Object(Illuminate\Routing\Route), Object(Illuminate\Http\Request))
#19 /home3/enguemka/laravel/vendor/laravel/framework/src/Illuminate/Routing/Router.php(628): Illuminate\Routing\Router->dispatchToRoute(Object(Illuminate\Http\Request))
#20 /home3/enguemka/laravel/vendor/laravel/framework/src/Illuminate/Foundation/Http/Kernel.php(214): Illuminate\Routing\Router->dispatch(Object(Illuminate\Http\Request))
#21 [internal function]: Illuminate\Foundation\Http\Kernel->Illuminate\Foundation\Http\{closure}(Object(Illuminate\Http\Request))
#22 /home3/enguemka/laravel/vendor/laravel/framework/src/Illuminate/Pipeline/Pipeline.php(141): call_user_func(Object(Closure), Object(Illuminate\Http\Request))
#23 /home3/enguemka/laravel/vendor/laravel/framework/src/Illuminate/Foundation/Http/Middleware/VerifyCsrfToken.php(43): Illuminate\Pipeline\Pipeline->Illuminate\Pipeline\{closure}(Object(Illuminate\Http\Request))
#24 /home3/enguemka/laravel/app/Http/Middleware/VerifyCsrfToken.php(17): Illuminate\Foundation\Http\Middleware\VerifyCsrfToken->handle(Object(Illuminate\Http\Request), Object(Closure))
#25 /home3/enguemka/laravel/vendor/laravel/framework/src/Illuminate/Pipeline/Pipeline.php(125): App\Http\Middleware\VerifyCsrfToken->handle(Object(Illuminate\Http\Request), Object(Closure))
#26 /home3/enguemka/laravel/vendor/laravel/framework/src/Illuminate/View/Middleware/ShareErrorsFromSession.php(55): Illuminate\Pipeline\Pipeline->Illuminate\Pipeline\{closure}(Object(Illuminate\Http\Request))
#27 /home3/enguemka/laravel/vendor/laravel/framework/src/Illuminate/Pipeline/Pipeline.php(125): Illuminate\View\Middleware\ShareErrorsFromSession->handle(Object(Illuminate\Http\Request), Object(Closure))
#28 /home3/enguemka/laravel/vendor/laravel/framework/src/Illuminate/Session/Middleware/StartSession.php(61): Illuminate\Pipeline\Pipeline->Illuminate\Pipeline\{closure}(Object(Illuminate\Http\Request))
#29 /home3/enguemka/laravel/vendor/laravel/framework/src/Illuminate/Pipeline/Pipeline.php(125): Illuminate\Session\Middleware\StartSession->handle(Object(Illuminate\Http\Request), Object(Closure))
#30 /home3/enguemka/laravel/vendor/laravel/framework/src/Illuminate/Cookie/Middleware/AddQueuedCookiesToResponse.php(36): Illuminate\Pipeline\Pipeline->Illuminate\Pipeline\{closure}(Object(Illuminate\Http\Request))
#31 /home3/enguemka/laravel/vendor/laravel/framework/src/Illuminate/Pipeline/Pipeline.php(125): Illuminate\Cookie\Middleware\AddQueuedCookiesToResponse->handle(Object(Illuminate\Http\Request), Object(Closure))
#32 /home3/enguemka/laravel/vendor/laravel/framework/src/Illuminate/Cookie/Middleware/EncryptCookies.php(40): Illuminate\Pipeline\Pipeline->Illuminate\Pipeline\{closure}(Object(Illuminate\Http\Request))
#33 /home3/enguemka/laravel/vendor/laravel/framework/src/Illuminate/Pipeline/Pipeline.php(125): Illuminate\Cookie\Middleware\EncryptCookies->handle(Object(Illuminate\Http\Request), Object(Closure))
#34 /home3/enguemka/laravel/vendor/laravel/framework/src/Illuminate/Foundation/Http/Middleware/CheckForMaintenanceMode.php(42): Illuminate\Pipeline\Pipeline->Illuminate\Pipeline\{closure}(Object(Illuminate\Http\Request))
#35 /home3/enguemka/laravel/vendor/laravel/framework/src/Illuminate/Pipeline/Pipeline.php(125): Illuminate\Foundation\Http\Middleware\CheckForMaintenanceMode->handle(Object(Illuminate\Http\Request), Object(Closure))
#36 [internal function]: Illuminate\Pipeline\Pipeline->Illuminate\Pipeline\{closure}(Object(Illuminate\Http\Request))
#37 /home3/enguemka/laravel/vendor/laravel/framework/src/Illuminate/Pipeline/Pipeline.php(101): call_user_func(Object(Closure), Object(Illuminate\Http\Request))
#38 /home3/enguemka/laravel/vendor/laravel/framework/src/Illuminate/Foundation/Http/Kernel.php(115): Illuminate\Pipeline\Pipeline->then(Object(Closure))
#39 /home3/enguemka/laravel/vendor/laravel/framework/src/Illuminate/Foundation/Http/Kernel.php(84): Illuminate\Foundation\Http\Kernel->sendRequestThroughRouter(Object(Illuminate\Http\Request))
#40 /home3/enguemka/laravel/public/index.php(53): Illuminate\Foundation\Http\Kernel->handle(Object(Illuminate\Http\Request))
#41 {main}

Next exception 'ErrorException' with message 'Class 'Collective\Html\FormFacade' not found (View: /home3/enguemka/laravel/resources/views/welcome.blade.php)' in /home3/enguemka/laravel/vendor/laravel/framework/src/Illuminate/Foundation/AliasLoader.php:63
Stack trace:
#0 /home3/enguemka/laravel/vendor/laravel/framework/src/Illuminate/View/Engines/PhpEngine.php(43): Illuminate\View\Engines\CompilerEngine->handleViewException(Object(ErrorException), 0)
#1 /home3/enguemka/laravel/vendor/laravel/framework/src/Illuminate/View/Engines/CompilerEngine.php(57): Illuminate\View\Engines\PhpEngine->evaluatePath('/home3/enguemka...', Array)
#2 /home3/enguemka/laravel/vendor/laravel/framework/src/Illuminate/View/View.php(142): Illuminate\View\Engines\CompilerEngine->get('/home3/enguemka...', Array)
#3 /home3/enguemka/laravel/vendor/laravel/framework/src/Illuminate/View/View.php(111): Illuminate\View\View->getContents()
#4 /home3/enguemka/laravel/vendor/laravel/framework/src/Illuminate/View/View.php(80): Illuminate\View\View->renderContents()
#5 /home3/enguemka/laravel/vendor/laravel/framework/src/Illuminate/Http/Response.php(44): Illuminate\View\View->render()
#6 /home3/enguemka/laravel/vendor/symfony/http-foundation/Symfony/Component/HttpFoundation/Response.php(202): Illuminate\Http\Response->setContent(Object(Illuminate\View\View))
#7 /home3/enguemka/laravel/vendor/laravel/framework/src/Illuminate/Routing/Router.php(1198): Symfony\Component\HttpFoundation\Response->__construct(Object(Illuminate\View\View))
#8 /home3/enguemka/laravel/vendor/laravel/framework/src/Illuminate/Routing/Router.php(702): Illuminate\Routing\Router->prepareResponse(Object(Illuminate\Http\Request), Object(Illuminate\View\View))
#9 [internal function]: Illuminate\Routing\Router->Illuminate\Routing\{closure}(Object(Illuminate\Http\Request))
#10 /home3/enguemka/laravel/vendor/laravel/framework/src/Illuminate/Pipeline/Pipeline.php(141): call_user_func(Object(Closure), Object(Illuminate\Http\Request))
#11 [internal function]: Illuminate\Pipeline\Pipeline->Illuminate\Pipeline\{closure}(Object(Illuminate\Http\Request))
#12 /home3/enguemka/laravel/vendor/laravel/framework/src/Illuminate/Pipeline/Pipeline.php(101): call_user_func(Object(Closure), Object(Illuminate\Http\Request))
#13 /home3/enguemka/laravel/vendor/laravel/framework/src/Illuminate/Routing/Router.php(703): Illuminate\Pipeline\Pipeline->then(Object(Closure))
#14 /home3/enguemka/laravel/vendor/laravel/framework/src/Illuminate/Routing/Router.php(670): Illuminate\Routing\Router->runRouteWithinStack(Object(Illuminate\Routing\Route), Object(Illuminate\Http\Request))
#15 /home3/enguemka/laravel/vendor/laravel/framework/src/Illuminate/Routing/Router.php(628): Illuminate\Routing\Router->dispatchToRoute(Object(Illuminate\Http\Request))
#16 /home3/enguemka/laravel/vendor/laravel/framework/src/Illuminate/Foundation/Http/Kernel.php(214): Illuminate\Routing\Router->dispatch(Object(Illuminate\Http\Request))
#17 [internal function]: Illuminate\Foundation\Http\Kernel->Illuminate\Foundation\Http\{closure}(Object(Illuminate\Http\Request))
#18 /home3/enguemka/laravel/vendor/laravel/framework/src/Illuminate/Pipeline/Pipeline.php(141): call_user_func(Object(Closure), Object(Illuminate\Http\Request))
#19 /home3/enguemka/laravel/vendor/laravel/framework/src/Illuminate/Foundation/Http/Middleware/VerifyCsrfToken.php(43): Illuminate\Pipeline\Pipeline->Illuminate\Pipeline\{closure}(Object(Illuminate\Http\Request))
#20 /home3/enguemka/laravel/app/Http/Middleware/VerifyCsrfToken.php(17): Illuminate\Foundation\Http\Middleware\VerifyCsrfToken->handle(Object(Illuminate\Http\Request), Object(Closure))
#21 /home3/enguemka/laravel/vendor/laravel/framework/src/Illuminate/Pipeline/Pipeline.php(125): App\Http\Middleware\VerifyCsrfToken->handle(Object(Illuminate\Http\Request), Object(Closure))
#22 /home3/enguemka/laravel/vendor/laravel/framework/src/Illuminate/View/Middleware/ShareErrorsFromSession.php(55): Illuminate\Pipeline\Pipeline->Illuminate\Pipeline\{closure}(Object(Illuminate\Http\Request))
#23 /home3/enguemka/laravel/vendor/laravel/framework/src/Illuminate/Pipeline/Pipeline.php(125): Illuminate\View\Middleware\ShareErrorsFromSession->handle(Object(Illuminate\Http\Request), Object(Closure))
#24 /home3/enguemka/laravel/vendor/laravel/framework/src/Illuminate/Session/Middleware/StartSession.php(61): Illuminate\Pipeline\Pipeline->Illuminate\Pipeline\{closure}(Object(Illuminate\Http\Request))
#25 /home3/enguemka/laravel/vendor/laravel/framework/src/Illuminate/Pipeline/Pipeline.php(125): Illuminate\Session\Middleware\StartSession->handle(Object(Illuminate\Http\Request), Object(Closure))
#26 /home3/enguemka/laravel/vendor/laravel/framework/src/Illuminate/Cookie/Middleware/AddQueuedCookiesToResponse.php(36): Illuminate\Pipeline\Pipeline->Illuminate\Pipeline\{closure}(Object(Illuminate\Http\Request))
#27 /home3/enguemka/laravel/vendor/laravel/framework/src/Illuminate/Pipeline/Pipeline.php(125): Illuminate\Cookie\Middleware\AddQueuedCookiesToResponse->handle(Object(Illuminate\Http\Request), Object(Closure))
#28 /home3/enguemka/laravel/vendor/laravel/framework/src/Illuminate/Cookie/Middleware/EncryptCookies.php(40): Illuminate\Pipeline\Pipeline->Illuminate\Pipeline\{closure}(Object(Illuminate\Http\Request))
#29 /home3/enguemka/laravel/vendor/laravel/framework/src/Illuminate/Pipeline/Pipeline.php(125): Illuminate\Cookie\Middleware\EncryptCookies->handle(Object(Illuminate\Http\Request), Object(Closure))
#30 /home3/enguemka/laravel/vendor/laravel/framework/src/Illuminate/Foundation/Http/Middleware/CheckForMaintenanceMode.php(42): Illuminate\Pipeline\Pipeline->Illuminate\Pipeline\{closure}(Object(Illuminate\Http\Request))
#31 /home3/enguemka/laravel/vendor/laravel/framework/src/Illuminate/Pipeline/Pipeline.php(125): Illuminate\Foundation\Http\Middleware\CheckForMaintenanceMode->handle(Object(Illuminate\Http\Request), Object(Closure))
#32 [internal function]: Illuminate\Pipeline\Pipeline->Illuminate\Pipeline\{closure}(Object(Illuminate\Http\Request))
#33 /home3/enguemka/laravel/vendor/laravel/framework/src/Illuminate/Pipeline/Pipeline.php(101): call_user_func(Object(Closure), Object(Illuminate\Http\Request))
#34 /home3/enguemka/laravel/vendor/laravel/framework/src/Illuminate/Foundation/Http/Kernel.php(115): Illuminate\Pipeline\Pipeline->then(Object(Closure))
#35 /home3/enguemka/laravel/vendor/laravel/framework/src/Illuminate/Foundation/Http/Kernel.php(84): Illuminate\Foundation\Http\Kernel->sendRequestThroughRouter(Object(Illuminate\Http\Request))
#36 /home3/enguemka/laravel/public/index.php(53): Illuminate\Foundation\Http\Kernel->handle(Object(Illuminate\Http\Request))
#37 {main}  
